<?xml version="1.0" encoding="UTF-8"?>
<!-- Generated by org.testng.reporters.JUnitReportReporter -->
<testsuite hostname="INBASDPC012082" name="com.hum.TestHum" tests="1" failures="0" timestamp="31 May 2018 09:22:57 GMT" time="10.865" errors="0">
  <testcase name="Login" time="10.865" classname="com.hum.TestHum"/>
</testsuite> <!-- com.hum.TestHum -->
